C:\Users\Keerti\Documents\GitHub\SignalRChat\wwwroot\js\signalr\src\AbortController.js
C:\Users\Keerti\Documents\GitHub\SignalRChat\wwwroot\js\signalr\src\AbortController.js.map
C:\Users\Keerti\Documents\GitHub\SignalRChat\wwwroot\js\signalr\src\Errors.js
C:\Users\Keerti\Documents\GitHub\SignalRChat\wwwroot\js\signalr\src\Errors.js.map
C:\Users\Keerti\Documents\GitHub\SignalRChat\wwwroot\js\signalr\src\HttpClient.js
C:\Users\Keerti\Documents\GitHub\SignalRChat\wwwroot\js\signalr\src\HttpClient.js.map
C:\Users\Keerti\Documents\GitHub\SignalRChat\wwwroot\js\signalr\src\ILogger.js
C:\Users\Keerti\Documents\GitHub\SignalRChat\wwwroot\js\signalr\src\ILogger.js.map
C:\Users\Keerti\Documents\GitHub\SignalRChat\wwwroot\js\signalr\src\Loggers.js
C:\Users\Keerti\Documents\GitHub\SignalRChat\wwwroot\js\signalr\src\Loggers.js.map
C:\Users\Keerti\Documents\GitHub\SignalRChat\wwwroot\js\signalr\src\Stream.js
C:\Users\Keerti\Documents\GitHub\SignalRChat\wwwroot\js\signalr\src\Stream.js.map
C:\Users\Keerti\Documents\GitHub\SignalRChat\wwwroot\js\signalr\src\Subject.js
C:\Users\Keerti\Documents\GitHub\SignalRChat\wwwroot\js\signalr\src\Subject.js.map
C:\Users\Keerti\Documents\GitHub\SignalRChat\wwwroot\js\signalr\src\Utils.js
C:\Users\Keerti\Documents\GitHub\SignalRChat\wwwroot\js\signalr\src\Utils.js.map
C:\Users\Keerti\Documents\GitHub\SignalRChat\wwwroot\js\signalr\src\NodeHttpClient.js
C:\Users\Keerti\Documents\GitHub\SignalRChat\wwwroot\js\signalr\src\NodeHttpClient.js.map
C:\Users\Keerti\Documents\GitHub\SignalRChat\wwwroot\js\signalr\src\XhrHttpClient.js
C:\Users\Keerti\Documents\GitHub\SignalRChat\wwwroot\js\signalr\src\XhrHttpClient.js.map
C:\Users\Keerti\Documents\GitHub\SignalRChat\wwwroot\js\signalr\src\DefaultHttpClient.js
C:\Users\Keerti\Documents\GitHub\SignalRChat\wwwroot\js\signalr\src\DefaultHttpClient.js.map
C:\Users\Keerti\Documents\GitHub\SignalRChat\wwwroot\js\signalr\src\ITransport.js
C:\Users\Keerti\Documents\GitHub\SignalRChat\wwwroot\js\signalr\src\ITransport.js.map
C:\Users\Keerti\Documents\GitHub\SignalRChat\wwwroot\js\signalr\src\Polyfills.js
C:\Users\Keerti\Documents\GitHub\SignalRChat\wwwroot\js\signalr\src\Polyfills.js.map
C:\Users\Keerti\Documents\GitHub\SignalRChat\wwwroot\js\signalr\src\IHttpConnectionOptions.js
C:\Users\Keerti\Documents\GitHub\SignalRChat\wwwroot\js\signalr\src\IHttpConnectionOptions.js.map
C:\Users\Keerti\Documents\GitHub\SignalRChat\wwwroot\js\signalr\src\TextMessageFormat.js
C:\Users\Keerti\Documents\GitHub\SignalRChat\wwwroot\js\signalr\src\TextMessageFormat.js.map
C:\Users\Keerti\Documents\GitHub\SignalRChat\wwwroot\js\signalr\src\HandshakeProtocol.js
C:\Users\Keerti\Documents\GitHub\SignalRChat\wwwroot\js\signalr\src\HandshakeProtocol.js.map
C:\Users\Keerti\Documents\GitHub\SignalRChat\wwwroot\js\signalr\src\IConnection.js
C:\Users\Keerti\Documents\GitHub\SignalRChat\wwwroot\js\signalr\src\IConnection.js.map
C:\Users\Keerti\Documents\GitHub\SignalRChat\wwwroot\js\signalr\src\IHubProtocol.js
C:\Users\Keerti\Documents\GitHub\SignalRChat\wwwroot\js\signalr\src\IHubProtocol.js.map
C:\Users\Keerti\Documents\GitHub\SignalRChat\wwwroot\js\signalr\src\IRetryPolicy.js
C:\Users\Keerti\Documents\GitHub\SignalRChat\wwwroot\js\signalr\src\IRetryPolicy.js.map
C:\Users\Keerti\Documents\GitHub\SignalRChat\wwwroot\js\signalr\src\HubConnection.js
C:\Users\Keerti\Documents\GitHub\SignalRChat\wwwroot\js\signalr\src\HubConnection.js.map
C:\Users\Keerti\Documents\GitHub\SignalRChat\wwwroot\js\signalr\src\DefaultReconnectPolicy.js
C:\Users\Keerti\Documents\GitHub\SignalRChat\wwwroot\js\signalr\src\DefaultReconnectPolicy.js.map
C:\Users\Keerti\Documents\GitHub\SignalRChat\wwwroot\js\signalr\src\LongPollingTransport.js
C:\Users\Keerti\Documents\GitHub\SignalRChat\wwwroot\js\signalr\src\LongPollingTransport.js.map
C:\Users\Keerti\Documents\GitHub\SignalRChat\wwwroot\js\signalr\src\ServerSentEventsTransport.js
C:\Users\Keerti\Documents\GitHub\SignalRChat\wwwroot\js\signalr\src\ServerSentEventsTransport.js.map
C:\Users\Keerti\Documents\GitHub\SignalRChat\wwwroot\js\signalr\src\WebSocketTransport.js
C:\Users\Keerti\Documents\GitHub\SignalRChat\wwwroot\js\signalr\src\WebSocketTransport.js.map
C:\Users\Keerti\Documents\GitHub\SignalRChat\wwwroot\js\signalr\src\HttpConnection.js
C:\Users\Keerti\Documents\GitHub\SignalRChat\wwwroot\js\signalr\src\HttpConnection.js.map
C:\Users\Keerti\Documents\GitHub\SignalRChat\wwwroot\js\signalr\src\JsonHubProtocol.js
C:\Users\Keerti\Documents\GitHub\SignalRChat\wwwroot\js\signalr\src\JsonHubProtocol.js.map
C:\Users\Keerti\Documents\GitHub\SignalRChat\wwwroot\js\signalr\src\HubConnectionBuilder.js
C:\Users\Keerti\Documents\GitHub\SignalRChat\wwwroot\js\signalr\src\HubConnectionBuilder.js.map
C:\Users\Keerti\Documents\GitHub\SignalRChat\wwwroot\js\signalr\src\index.js
C:\Users\Keerti\Documents\GitHub\SignalRChat\wwwroot\js\signalr\src\index.js.map
C:\Users\Keerti\Documents\GitHub\SignalRChat\wwwroot\js\signalr\src\browser-index.js
C:\Users\Keerti\Documents\GitHub\SignalRChat\wwwroot\js\signalr\src\browser-index.js.map
C:\Users\Keerti\Documents\GitHub\SignalRChat\wwwroot\js\signalr\src\EmptyNodeHttpClient.js
C:\Users\Keerti\Documents\GitHub\SignalRChat\wwwroot\js\signalr\src\EmptyNodeHttpClient.js.map
